# JRE version: OpenJDK Runtime Environment (11.0.2+9) (build 11.0.2+9)
# Java VM: OpenJDK 64-Bit Server VM (11.0.2+9, mixed mode, tiered, compressed oops, g1 gc, windows-amd64)
Heap:
 garbage-first heap   total 262144K, used 146550K [0x0000000740000000, 0x0000000800000000)
  region size 1024K, 12 young (12288K), 1 survivors (1024K)
 Metaspace       used 107861K, capacity 110449K, committed 110672K, reserved 1144832K
  class space    used 14858K, capacity 16002K, committed 16128K, reserved 1048576K
GC Heap History (10 events):
Event: 728.341 GC heap before
{Heap before GC invocations=139 (full 3):
 garbage-first heap   total 262144K, used 139112K [0x0000000740000000, 0x0000000800000000)
  region size 1024K, 22 young (22528K), 0 survivors (0K)
 Metaspace       used 107698K, capacity 110294K, committed 110544K, reserved 1144832K
  class space    used 14852K, capacity 15999K, committed 16000K, reserved 1048576K
}
Event: 728.462 GC heap after
{Heap after GC invocations=140 (full 4):
 garbage-first heap   total 262144K, used 117609K [0x0000000740000000, 0x0000000800000000)
  region size 1024K, 0 young (0K), 0 survivors (0K)
 Metaspace       used 107698K, capacity 110294K, committed 110544K, reserved 1144832K
  class space    used 14852K, capacity 15999K, committed 16000K, reserved 1048576K
}
Event: 788.102 GC heap before
{Heap before GC invocations=140 (full 4):
 garbage-first heap   total 262144K, used 160617K [0x0000000740000000, 0x0000000800000000)
  region size 1024K, 43 young (44032K), 0 survivors (0K)
 Metaspace       used 107764K, capacity 110376K, committed 110544K, reserved 1144832K
  class space    used 14852K, capacity 15999K, committed 16000K, reserved 1048576K
}
Event: 788.196 GC heap after
{Heap after GC invocations=141 (full 5):
 garbage-first heap   total 262144K, used 117620K [0x0000000740000000, 0x0000000800000000)
  region size 1024K, 0 young (0K), 0 survivors (0K)
 Metaspace       used 107764K, capacity 110376K, committed 110544K, reserved 1144832K
  class space    used 14852K, capacity 15999K, committed 16000K, reserved 1048576K
}
Event: 818.195 GC heap before
{Heap before GC invocations=141 (full 5):
 garbage-first heap   total 262144K, used 138100K [0x0000000740000000, 0x0000000800000000)
  region size 1024K, 21 young (21504K), 0 survivors (0K)
 Metaspace       used 107775K, capacity 110376K, committed 110544K, reserved 1144832K
  class space    used 14852K, capacity 15999K, committed 16000K, reserved 1048576K
}
Event: 818.288 GC heap after
{Heap after GC invocations=142 (full 6):
 garbage-first heap   total 262144K, used 117543K [0x0000000740000000, 0x0000000800000000)
  region size 1024K, 0 young (0K), 0 survivors (0K)
 Metaspace       used 107775K, capacity 110376K, committed 110544K, reserved 1144832K
  class space    used 14852K, capacity 15999K, committed 16000K, reserved 1048576K
}
Event: 821.428 GC heap before
{Heap before GC invocations=142 (full 6):
 garbage-first heap   total 262144K, used 145191K [0x0000000740000000, 0x0000000800000000)
  region size 1024K, 28 young (28672K), 0 survivors (0K)
 Metaspace       used 107831K, capacity 110443K, committed 110544K, reserved 1144832K
  class space    used 14857K, capacity 16000K, committed 16000K, reserved 1048576K
}
Event: 821.433 GC heap after
{Heap after GC invocations=143 (full 6):
 garbage-first heap   total 262144K, used 118225K [0x0000000740000000, 0x0000000800000000)
  region size 1024K, 1 young (1024K), 1 survivors (1024K)
 Metaspace       used 107831K, capacity 110443K, committed 110544K, reserved 1144832K
  class space    used 14857K, capacity 16000K, committed 16000K, reserved 1048576K
}
Event: 821.600 GC heap before
{Heap before GC invocations=144 (full 6):
 garbage-first heap   total 262144K, used 140753K [0x0000000740000000, 0x0000000800000000)
  region size 1024K, 7 young (7168K), 1 survivors (1024K)
 Metaspace       used 107838K, capacity 110446K, committed 110672K, reserved 1144832K
  class space    used 14857K, capacity 16001K, committed 16128K, reserved 1048576K
}
Event: 821.603 GC heap after
{Heap after GC invocations=145 (full 6):
 garbage-first heap   total 262144K, used 135286K [0x0000000740000000, 0x0000000800000000)
  region size 1024K, 1 young (1024K), 1 survivors (1024K)
 Metaspace       used 107838K, capacity 110446K, committed 110672K, reserved 1144832K
  class space    used 14857K, capacity 16001K, committed 16128K, reserved 1048576K
}

